240407 11:35:12 [Note] Plugin 'FEDERATED' is disabled.
240407 11:35:12 InnoDB: The InnoDB memory heap is disabled
240407 11:35:12 InnoDB: Mutexes and rw_locks use Windows interlocked functions
240407 11:35:12 InnoDB: Compressed tables use zlib 1.2.3
240407 11:35:13 InnoDB: Initializing buffer pool, size = 128.0M
240407 11:35:13 InnoDB: Completed initialization of buffer pool
240407 11:35:13 InnoDB: highest supported file format is Barracuda.
InnoDB: The log sequence number in ibdata files does not match
InnoDB: the log sequence number in the ib_logfiles!
240407 11:35:13  InnoDB: Database was not shut down normally!
InnoDB: Starting crash recovery.
InnoDB: Reading tablespace information from the .ibd files...
InnoDB: Restoring possible half-written data pages from the doublewrite
InnoDB: buffer...
240407 11:35:13  InnoDB: Waiting for the background threads to start
240407 11:35:14 InnoDB: 1.1.8 started; log sequence number 34904275
240407 11:35:15 [Note] Server hostname (bind-address): '0.0.0.0'; port: 3306
240407 11:35:15 [Note]   - '0.0.0.0' resolves to '0.0.0.0';
240407 11:35:15 [Note] Server socket created on IP: '0.0.0.0'.
240410 13:43:07 [Note] Plugin 'FEDERATED' is disabled.
240410 13:43:07 InnoDB: The InnoDB memory heap is disabled
240410 13:43:07 InnoDB: Mutexes and rw_locks use Windows interlocked functions
240410 13:43:07 InnoDB: Compressed tables use zlib 1.2.3
240410 13:43:07 InnoDB: Initializing buffer pool, size = 128.0M
240410 13:43:07 InnoDB: Completed initialization of buffer pool
240410 13:43:08 InnoDB: highest supported file format is Barracuda.
InnoDB: The log sequence number in ibdata files does not match
InnoDB: the log sequence number in the ib_logfiles!
240410 13:43:09  InnoDB: Database was not shut down normally!
InnoDB: Starting crash recovery.
InnoDB: Reading tablespace information from the .ibd files...
InnoDB: Restoring possible half-written data pages from the doublewrite
InnoDB: buffer...
240410 13:43:09  InnoDB: Waiting for the background threads to start
240410 13:43:11 InnoDB: 1.1.8 started; log sequence number 35528741
240410 13:43:11 [Note] Server hostname (bind-address): '0.0.0.0'; port: 3306
240410 13:43:11 [Note]   - '0.0.0.0' resolves to '0.0.0.0';
240410 13:43:11 [Note] Server socket created on IP: '0.0.0.0'.
240410 13:43:12 [Note] Event Scheduler: Loaded 0 events
240410 13:43:12 [Note] \usr\local\mysql-5.5\bin\mysqld.exe: ready for connections.
Version: '5.5.25'  socket: ''  port: 3306  MySQL Community Server (GPL)
